Build started 12/26/2022 12:03:53 PM.
     1>Project "D:\opengl\chess4\chess4\chess4.vcxproj" on node 2 (Rebuild target(s)).
     1>ClCompile:
         C:\Program Files (x86)\Microsoft Visual Studio 11.0\VC\bin\CL.exe /c /Zi /nologo /W3 /WX- /O2 /Oi /Oy- /GL /D _MBCS /Gm- /EHsc /MD /GS /Gy /fp:precise /Zc:wchar_t /Zc:forScope /Fo"Release\\" /Fd"Release\vc110.pdb" /Gd /TP /analyze- /errorReport:prompt chess.cpp
         chess.cpp
     1>chess.cpp(484): warning C4018: '<' : signed/unsigned mismatch
     1>chess.cpp(495): warning C4018: '<' : signed/unsigned mismatch
     1>chess.cpp(505): warning C4018: '<' : signed/unsigned mismatch
     1>chess.cpp(511): warning C4018: '<' : signed/unsigned mismatch
     1>chess.cpp(517): warning C4018: '<' : signed/unsigned mismatch
     1>chess.cpp(522): warning C4018: '<' : signed/unsigned mismatch
     1>chess.cpp(527): warning C4018: '<' : signed/unsigned mismatch
     1>chess.cpp(532): warning C4018: '<' : signed/unsigned mismatch
     1>chess.cpp(537): warning C4018: '<' : signed/unsigned mismatch
     1>chess.cpp(542): warning C4018: '<' : signed/unsigned mismatch
     1>chess.cpp(547): warning C4018: '<' : signed/unsigned mismatch
     1>chess.cpp(552): warning C4018: '<' : signed/unsigned mismatch
     1>chess.cpp(557): warning C4018: '<' : signed/unsigned mismatch
       Link:
         C:\Program Files (x86)\Microsoft Visual Studio 11.0\VC\bin\link.exe /ERRORREPORT:PROMPT /OUT:"D:\opengl\chess4\Release\chess4.exe" /NOLOGO kernel32.lib user32.lib gdi32.lib winspool.lib comdlg32.lib advapi32.lib shell32.lib ole32.lib oleaut32.lib uuid.lib odbc32.lib odbccp32.lib /MANIFEST /MANIFESTUAC:"level='asInvoker' uiAccess='false'" /manifest:embed /DEBUG /PDB:"D:\opengl\chess4\Release\chess4.pdb" /OPT:REF /OPT:ICF /LTCG /TLBID:1 /DYNAMICBASE /NXCOMPAT /IMPLIB:"D:\opengl\chess4\Release\chess4.lib" /MACHINE:X86 /SAFESEH Release\chess.obj
         Generating code
         Finished generating code
     1>opengl32.lib(OPENGL32.dll) : error LNK2026: module unsafe for SAFESEH image.
     1>opengl32.lib(OPENGL32.dll) : error LNK2026: module unsafe for SAFESEH image.
     1>opengl32.lib(OPENGL32.dll) : error LNK2026: module unsafe for SAFESEH image.
     1>opengl32.lib(OPENGL32.dll) : error LNK2026: module unsafe for SAFESEH image.
     1>opengl32.lib(OPENGL32.dll) : error LNK2026: module unsafe for SAFESEH image.
     1>opengl32.lib(OPENGL32.dll) : error LNK2026: module unsafe for SAFESEH image.
     1>opengl32.lib(OPENGL32.dll) : error LNK2026: module unsafe for SAFESEH image.
     1>opengl32.lib(OPENGL32.dll) : error LNK2026: module unsafe for SAFESEH image.
     1>opengl32.lib(OPENGL32.dll) : error LNK2026: module unsafe for SAFESEH image.
     1>opengl32.lib(OPENGL32.dll) : error LNK2026: module unsafe for SAFESEH image.
     1>opengl32.lib(OPENGL32.dll) : error LNK2026: module unsafe for SAFESEH image.
     1>opengl32.lib(OPENGL32.dll) : error LNK2026: module unsafe for SAFESEH image.
     1>opengl32.lib(OPENGL32.dll) : error LNK2026: module unsafe for SAFESEH image.
     1>glu32.lib(GLU32.dll) : error LNK2026: module unsafe for SAFESEH image.
     1>D:\opengl\chess4\Release\chess4.exe : fatal error LNK1281: Unable to generate SAFESEH image.
     1>Done Building Project "D:\opengl\chess4\chess4\chess4.vcxproj" (Rebuild target(s)) -- FAILED.

Build FAILED.

Time Elapsed 00:00:00.65
