Build started 12/27/2022 7:52:53 AM.
     1>Project "D:\opengl\chess4\chess4\chess4.vcxproj" on node 2 (Rebuild target(s)).
     1>ClCompile:
         C:\Program Files (x86)\Microsoft Visual Studio 11.0\VC\bin\CL.exe /c /ZI /nologo /W3 /WX- /Od /Oy- /D _MBCS /Gm /EHsc /RTC1 /MDd /GS /fp:precise /Zc:wchar_t /Zc:forScope /Fo"Debug\\" /Fd"Debug\vc110.pdb" /Gd /TP /analyze- /errorReport:prompt chess.cpp
         chess.cpp
     1>d:\opengl\chess4\chess4\chess.cpp(420): warning C4018: '<' : signed/unsigned mismatch
     1>d:\opengl\chess4\chess4\chess.cpp(431): warning C4018: '<' : signed/unsigned mismatch
     1>d:\opengl\chess4\chess4\chess.cpp(441): warning C4018: '<' : signed/unsigned mismatch
     1>d:\opengl\chess4\chess4\chess.cpp(447): warning C4018: '<' : signed/unsigned mismatch
     1>d:\opengl\chess4\chess4\chess.cpp(453): warning C4018: '<' : signed/unsigned mismatch
     1>d:\opengl\chess4\chess4\chess.cpp(458): warning C4018: '<' : signed/unsigned mismatch
     1>d:\opengl\chess4\chess4\chess.cpp(463): warning C4018: '<' : signed/unsigned mismatch
     1>d:\opengl\chess4\chess4\chess.cpp(468): warning C4018: '<' : signed/unsigned mismatch
     1>d:\opengl\chess4\chess4\chess.cpp(473): warning C4018: '<' : signed/unsigned mismatch
     1>d:\opengl\chess4\chess4\chess.cpp(478): warning C4018: '<' : signed/unsigned mismatch
     1>d:\opengl\chess4\chess4\chess.cpp(483): warning C4018: '<' : signed/unsigned mismatch
     1>d:\opengl\chess4\chess4\chess.cpp(488): warning C4018: '<' : signed/unsigned mismatch
     1>d:\opengl\chess4\chess4\chess.cpp(493): warning C4018: '<' : signed/unsigned mismatch
       Link:
         C:\Program Files (x86)\Microsoft Visual Studio 11.0\VC\bin\link.exe /ERRORREPORT:PROMPT /OUT:"D:\opengl\chess4\Debug\chess4.exe" /INCREMENTAL /NOLOGO kernel32.lib user32.lib gdi32.lib winspool.lib comdlg32.lib advapi32.lib shell32.lib ole32.lib oleaut32.lib uuid.lib odbc32.lib odbccp32.lib /MANIFEST /MANIFESTUAC:"level='asInvoker' uiAccess='false'" /manifest:embed /DEBUG /PDB:"D:\opengl\chess4\Debug\chess4.pdb" /TLBID:1 /DYNAMICBASE /NXCOMPAT /IMPLIB:"D:\opengl\chess4\Debug\chess4.lib" /MACHINE:X86 Debug\chess.obj
         chess4.vcxproj -> D:\opengl\chess4\Debug\chess4.exe
     1>Done Building Project "D:\opengl\chess4\chess4\chess4.vcxproj" (Rebuild target(s)).

Build succeeded.

Time Elapsed 00:00:00.90
