D:\OPENGL\CHESS4\CHESS4\DEBUG\CHESS.OBJ
D:\OPENGL\CHESS4\CHESS4\DEBUG\VC110.PDB
D:\OPENGL\CHESS4\DEBUG\CHESS4.ILK
D:\OPENGL\CHESS4\DEBUG\CHESS4.EXE
D:\OPENGL\CHESS4\DEBUG\CHESS4.PDB
D:\opengl\chess4\chess4\Debug\chess.obj
D:\opengl\chess4\chess4\Debug\cl.command.1.tlog
D:\opengl\chess4\chess4\Debug\CL.read.1.tlog
D:\opengl\chess4\chess4\Debug\CL.write.1.tlog
D:\opengl\chess4\chess4\Debug\link-cvtres.read.1.tlog
D:\opengl\chess4\chess4\Debug\link-cvtres.write.1.tlog
D:\opengl\chess4\chess4\Debug\link-rc.read.1.tlog
D:\opengl\chess4\chess4\Debug\link-rc.write.1.tlog
D:\opengl\chess4\chess4\Debug\link.command.1.tlog
D:\opengl\chess4\chess4\Debug\link.read.1.tlog
D:\opengl\chess4\chess4\Debug\link.write.1.tlog
D:\opengl\chess4\chess4\Debug\vc110.idb
D:\opengl\chess4\chess4\Debug\vc110.pdb
D:\opengl\chess4\Debug\chess4.pdb
D:\opengl\chess4\Debug\chess4.exe
D:\opengl\chess4\Debug\chess4.ilk
